app/build/intermediates/manifest_merge_blame_file/debug/manifest-merger-blame-debug-report.txt
1<?xml version="1.0" encoding="utf-8"?>
2<manifest xmlns:android="http://schemas.android.com/apk/res/android"
3    package="com.example.antiescaper"
4    android:versionCode="1"
5    android:versionName="1.0" >
6
7    <uses-sdk
8        android:minSdkVersion="16"
8-->src\main\AndroidManifest.xml
9        android:targetSdkVersion="16" />
9-->src\main\AndroidManifest.xml
10
11    <uses-permission android:name="android.permission.ACCESS_COARSE_LOCATION" />
11-->src\main\AndroidManifest.xml:4:1-77
11-->src\main\AndroidManifest.xml:4:18-74
12    <uses-permission android:name="android.permission.ACCESS_FINE_LOCATION" />
12-->src\main\AndroidManifest.xml:5:1-75
12-->src\main\AndroidManifest.xml:5:18-72
13    <uses-permission android:name="android.permission.INTERNET" />
13-->src\main\AndroidManifest.xml:6:1-63
13-->src\main\AndroidManifest.xml:6:18-60
14    <uses-permission android:name="android.permission.CAMERA" />
14-->src\main\AndroidManifest.xml:7:1-61
14-->src\main\AndroidManifest.xml:7:18-58
15    <uses-permission android:name="android.permission.RECORD_AUDIO" />
15-->src\main\AndroidManifest.xml:8:1-67
15-->src\main\AndroidManifest.xml:8:18-64
16    <uses-permission android:name="android.permission.RECEIVE_BOOT_COMPLETED" />
16-->src\main\AndroidManifest.xml:9:1-77
16-->src\main\AndroidManifest.xml:9:18-74
17    <uses-permission android:name="android.permission.READ_PHONE_STATE" />
17-->src\main\AndroidManifest.xml:10:1-71
17-->src\main\AndroidManifest.xml:10:18-68
18    <uses-permission android:name="android.permission.PROCESS_OUTGOING_CALLS" />
18-->src\main\AndroidManifest.xml:11:1-77
18-->src\main\AndroidManifest.xml:11:18-74
19    <uses-permission android:name="android.permission.READ_CONTACTS" />
19-->src\main\AndroidManifest.xml:12:1-68
19-->src\main\AndroidManifest.xml:12:18-65
20    <uses-permission android:name="android.permission.READ_SMS" />
20-->src\main\AndroidManifest.xml:13:1-63
20-->src\main\AndroidManifest.xml:13:18-60
21
22    <application
22-->src\main\AndroidManifest.xml:16:1-42:15
23        android:allowBackup="true"
23-->src\main\AndroidManifest.xml:17:5-31
24        android:appComponentFactory="androidx.core.app.CoreComponentFactory"
24-->[androidx.core:core:1.3.1] AndroidManifest.xml:24:18-86
25        android:debuggable="true"
26        android:icon="@mipmap/ic_launcher"
26-->src\main\AndroidManifest.xml:18:5-39
27        android:label="@string/app_name"
27-->src\main\AndroidManifest.xml:19:5-37
28        android:roundIcon="@mipmap/ic_launcher_round"
28-->src\main\AndroidManifest.xml:20:5-50
29        android:supportsRtl="true"
29-->src\main\AndroidManifest.xml:21:5-31
30        android:theme="@style/AppTheme" >
30-->src\main\AndroidManifest.xml:22:5-36
31        <activity android:name="com.example.antiescaper.Second" />
31-->src\main\AndroidManifest.xml:24:5-40
31-->src\main\AndroidManifest.xml:24:15-37
32
33        <service
33-->src\main\AndroidManifest.xml:25:5-28:44
34            android:name="com.example.antiescaper.MyService"
34-->src\main\AndroidManifest.xml:26:9-57
35            android:enabled="true"
35-->src\main\AndroidManifest.xml:27:9-31
36            android:exported="false" />
36-->src\main\AndroidManifest.xml:28:9-33
37
38        <meta-data
38-->src\main\AndroidManifest.xml:30:5-32:40
39            android:name="com.google.android.actions"
39-->src\main\AndroidManifest.xml:31:9-50
40            android:resource="@xml/data" />
40-->src\main\AndroidManifest.xml:32:9-37
41
42        <activity android:name="com.example.antiescaper.MainActivity" >
42-->src\main\AndroidManifest.xml:34:5-40:16
42-->src\main\AndroidManifest.xml:34:15-43
43            <intent-filter>
43-->src\main\AndroidManifest.xml:35:9-39:25
44                <action android:name="android.intent.action.MAIN" />
44-->src\main\AndroidManifest.xml:36:13-65
44-->src\main\AndroidManifest.xml:36:21-62
45
46                <category android:name="android.intent.category.LAUNCHER" />
46-->src\main\AndroidManifest.xml:38:13-73
46-->src\main\AndroidManifest.xml:38:23-70
47            </intent-filter>
48        </activity>
49
50        <receiver android:name="com.example.antiescaper.Alarm" />
50-->src\main\AndroidManifest.xml:41:5-38
50-->src\main\AndroidManifest.xml:41:15-36
51    </application>
52
53</manifest>